{"name": "test_07_enter_credit_card_info[chromium]", "status": "failed", "statusDetails": {"message": "AssertionError: Failed to get frame(0). Error: 'GeneralActions' object has no attribute '_GeneralActions__page'", "trace": "self = <base.general_actions.GeneralActions object at 0x102ec5010>, index = 0\n\n    def switch_to_frame(self, index):\n        \"\"\"\n        Wait until the iframe at the given index is available and switch to it.\n        :param index: Index of the iframe\n        \"\"\"\n        try:\n            self.log.info(f\"Getting iframe at index {index}\")\n>           frames = self.__page.frames\nE           AttributeError: 'GeneralActions' object has no attribute '_GeneralActions__page'\n\n../base/general_actions.py:49: AttributeError\n\nDuring handling of the above exception, another exception occurred:\n\nself = <test_registration.TestLogin object at 0x102ebd7b0>\n\n    @allure.description(\"Test 07 - Fill in credit card info\")\n    def test_07_enter_credit_card_info(self):\n        # Add credit card info before running\n        credit_card = \"4580458045804580\"\n        year_exp = \"27\"\n        month_exp = \"06\"\n        cvv = \"111\"\n        id_number = \"310437017\"\n>       self.registration_page.fill_credit_card_info(credit_card, year_exp, month_exp, cvv, id_number)\n\ntest_registration.py:48: \n_ _ _ _ _ _ _ _ _ _ _ _ _ _ _ _ _ _ _ _ _ _ _ _ _ _ _ _ _ _ _ _ _ _ _ _ _ _ _ _ \n../pages/registration_page.py:100: in fill_credit_card_info\n    self.general_actions.switch_to_frame(0)\n_ _ _ _ _ _ _ _ _ _ _ _ _ _ _ _ _ _ _ _ _ _ _ _ _ _ _ _ _ _ _ _ _ _ _ _ _ _ _ _ \n\nself = <base.general_actions.GeneralActions object at 0x102ec5010>, index = 0\n\n    def switch_to_frame(self, index):\n        \"\"\"\n        Wait until the iframe at the given index is available and switch to it.\n        :param index: Index of the iframe\n        \"\"\"\n        try:\n            self.log.info(f\"Getting iframe at index {index}\")\n            frames = self.__page.frames\n            if index < len(frames):\n                frame = frames[index]\n                self.log.info(f\"Frame at index {index} retrieved successfully.\")\n                return frame\n            else:\n                raise IndexError(f\"No frame found at index {index}. Total frames: {len(frames)}\")\n        except Exception as e:\n            self.log.error(f\"Failed to get frame({index}). Error: {str(e)}\")\n>           assert False, f\"Failed to get frame({index}). Error: {str(e)}\"\nE           AssertionError: Failed to get frame(0). Error: 'GeneralActions' object has no attribute '_GeneralActions__page'\n\n../base/general_actions.py:58: AssertionError"}, "description": "Test 07 - Fill in credit card info", "steps": [{"name": "Step 1 - Press on add credit card button", "status": "passed", "start": 1745433732144, "stop": 1745433738256}, {"name": "Step 2 - Switch to iframe", "status": "failed", "statusDetails": {"message": "AssertionError: Failed to get frame(0). Error: 'GeneralActions' object has no attribute '_GeneralActions__page'\n", "trace": "  File \"/Users/borissionov/PycharmProjects/python_playwright_automation/pages/registration_page.py\", line 100, in fill_credit_card_info\n    self.general_actions.switch_to_frame(0)\n    ~~~~~~~~~~~~~~~~~~~~~~~~~~~~~~~~~~~~^^^\n  File \"/Users/borissionov/PycharmProjects/python_playwright_automation/base/general_actions.py\", line 58, in switch_to_frame\n    assert False, f\"Failed to get frame({index}). Error: {str(e)}\"\n           ^^^^^\n"}, "start": 1745433738256, "stop": 1745433738258}], "attachments": [{"name": "log", "source": "c411d153-088c-4326-a8ab-684f6b14af3e-attachment.txt", "type": "text/plain"}], "parameters": [{"name": "browser_name", "value": "'chromium'"}], "start": 1745433732144, "stop": 1745433738260, "uuid": "331ac6b3-3e34-4124-b782-f41462cd7c13", "historyId": "2b5a2d2fc75dc6b7da2019b2473bbd8a", "testCaseId": "eca12d1be48353be73ea7caf33166409", "fullName": "tests.test_registration.TestLogin#test_07_enter_credit_card_info", "labels": [{"name": "tag", "value": "@pytest.mark.usefixtures('setup_class')"}, {"name": "parentSuite", "value": "tests"}, {"name": "suite", "value": "test_registration"}, {"name": "subSuite", "value": "TestLogin"}, {"name": "host", "value": "Boriss-MBP-4"}, {"name": "thread", "value": "30412-MainThread"}, {"name": "framework", "value": "pytest"}, {"name": "language", "value": "cpython3"}, {"name": "package", "value": "tests.test_registration"}]}